# JRE version: Java(TM) SE Runtime Environment (17.0.12+8) (build 17.0.12+8-LTS-286)
# Java VM: Java HotSpot(TM) 64-Bit Server VM (17.0.12+8-LTS-286, mixed mode, sharing, tiered, compressed oops, compressed class ptrs, g1 gc, windows-amd64)
GC Precious Log:
 CPUs: 4 total, 4 available
 Memory: 12091M
 Large Page Support: Disabled
 NUMA Support: Disabled
 Compressed Oops: Enabled (32-bit)
 Heap Region Size: 1M
 Heap Min Capacity: 8M
 Heap Initial Capacity: 190M
 Heap Max Capacity: 2G
 Pre-touch: Disabled
 Parallel Workers: 4
 Concurrent Workers: 1
 Concurrent Refinement Workers: 4
 Periodic GC: Disabled
Heap:
 garbage-first heap   total 194560K, used 63476K [0x0000000080000000, 0x0000000100000000)
  region size 1024K, 2 young (2048K), 2 survivors (2048K)
 Metaspace       used 54037K, committed 54528K, reserved 1114112K
  class space    used 7292K, committed 7552K, reserved 1048576K
GC Heap History (20 events):
Event: 5.562 GC heap after
{Heap after GC invocations=13 (full 0):
 garbage-first heap   total 81920K, used 45488K [0x0000000080000000, 0x0000000100000000)
  region size 1024K, 2 young (2048K), 2 survivors (2048K)
 Metaspace       used 39473K, committed 39872K, reserved 1114112K
  class space    used 5424K, committed 5632K, reserved 1048576K
}
Event: 5.783 GC heap before
{Heap before GC invocations=14 (full 0):
 garbage-first heap   total 91136K, used 59824K [0x0000000080000000, 0x0000000100000000)
  region size 1024K, 13 young (13312K), 2 survivors (2048K)
 Metaspace       used 40123K, committed 40512K, reserved 1114112K
  class space    used 5507K, committed 5696K, reserved 1048576K
}
Event: 5.786 GC heap after
{Heap after GC invocations=15 (full 0):
 garbage-first heap   total 91136K, used 52214K [0x0000000080000000, 0x0000000100000000)
  region size 1024K, 2 young (2048K), 2 survivors (2048K)
 Metaspace       used 40123K, committed 40512K, reserved 1114112K
  class space    used 5507K, committed 5696K, reserved 1048576K
}
Event: 5.973 GC heap before
{Heap before GC invocations=15 (full 0):
 garbage-first heap   total 91136K, used 64502K [0x0000000080000000, 0x0000000100000000)
  region size 1024K, 14 young (14336K), 2 survivors (2048K)
 Metaspace       used 41739K, committed 42176K, reserved 1114112K
  class space    used 5722K, committed 5952K, reserved 1048576K
}
Event: 5.976 GC heap after
{Heap after GC invocations=16 (full 0):
 garbage-first heap   total 109568K, used 52715K [0x0000000080000000, 0x0000000100000000)
  region size 1024K, 1 young (1024K), 1 survivors (1024K)
 Metaspace       used 41739K, committed 42176K, reserved 1114112K
  class space    used 5722K, committed 5952K, reserved 1048576K
}
Event: 6.345 GC heap before
{Heap before GC invocations=17 (full 0):
 garbage-first heap   total 109568K, used 72171K [0x0000000080000000, 0x0000000100000000)
  region size 1024K, 20 young (20480K), 1 survivors (1024K)
 Metaspace       used 44756K, committed 45184K, reserved 1114112K
  class space    used 6064K, committed 6272K, reserved 1048576K
}
Event: 6.348 GC heap after
{Heap after GC invocations=18 (full 0):
 garbage-first heap   total 109568K, used 53486K [0x0000000080000000, 0x0000000100000000)
  region size 1024K, 2 young (2048K), 2 survivors (2048K)
 Metaspace       used 44756K, committed 45184K, reserved 1114112K
  class space    used 6064K, committed 6272K, reserved 1048576K
}
Event: 6.821 GC heap before
{Heap before GC invocations=18 (full 0):
 garbage-first heap   total 109568K, used 72942K [0x0000000080000000, 0x0000000100000000)
  region size 1024K, 22 young (22528K), 2 survivors (2048K)
 Metaspace       used 48724K, committed 49280K, reserved 1114112K
  class space    used 6584K, committed 6848K, reserved 1048576K
}
Event: 6.826 GC heap after
{Heap after GC invocations=19 (full 0):
 garbage-first heap   total 109568K, used 55591K [0x0000000080000000, 0x0000000100000000)
  region size 1024K, 3 young (3072K), 3 survivors (3072K)
 Metaspace       used 48724K, committed 49280K, reserved 1114112K
  class space    used 6584K, committed 6848K, reserved 1048576K
}
Event: 7.092 GC heap before
{Heap before GC invocations=20 (full 0):
 garbage-first heap   total 116736K, used 84263K [0x0000000080000000, 0x0000000100000000)
  region size 1024K, 25 young (25600K), 3 survivors (3072K)
 Metaspace       used 49970K, committed 50432K, reserved 1114112K
  class space    used 6753K, committed 6976K, reserved 1048576K
}
Event: 7.097 GC heap after
{Heap after GC invocations=21 (full 0):
 garbage-first heap   total 116736K, used 57916K [0x0000000080000000, 0x0000000100000000)
  region size 1024K, 4 young (4096K), 4 survivors (4096K)
 Metaspace       used 49970K, committed 50432K, reserved 1114112K
  class space    used 6753K, committed 6976K, reserved 1048576K
}
Event: 7.117 GC heap before
{Heap before GC invocations=21 (full 0):
 garbage-first heap   total 116736K, used 58940K [0x0000000080000000, 0x0000000100000000)
  region size 1024K, 5 young (5120K), 4 survivors (4096K)
 Metaspace       used 50083K, committed 50624K, reserved 1114112K
  class space    used 6767K, committed 7040K, reserved 1048576K
}
Event: 7.121 GC heap after
{Heap after GC invocations=22 (full 0):
 garbage-first heap   total 116736K, used 58625K [0x0000000080000000, 0x0000000100000000)
  region size 1024K, 1 young (1024K), 1 survivors (1024K)
 Metaspace       used 50083K, committed 50624K, reserved 1114112K
  class space    used 6767K, committed 7040K, reserved 1048576K
}
Event: 7.463 GC heap before
{Heap before GC invocations=22 (full 0):
 garbage-first heap   total 116736K, used 83201K [0x0000000080000000, 0x0000000100000000)
  region size 1024K, 26 young (26624K), 1 survivors (1024K)
 Metaspace       used 52240K, committed 52800K, reserved 1114112K
  class space    used 7014K, committed 7296K, reserved 1048576K
}
Event: 7.466 GC heap after
{Heap after GC invocations=23 (full 0):
 garbage-first heap   total 116736K, used 59887K [0x0000000080000000, 0x0000000100000000)
  region size 1024K, 2 young (2048K), 2 survivors (2048K)
 Metaspace       used 52240K, committed 52800K, reserved 1114112K
  class space    used 7014K, committed 7296K, reserved 1048576K
}
Event: 7.794 GC heap before
{Heap before GC invocations=24 (full 0):
 garbage-first heap   total 116736K, used 86511K [0x0000000080000000, 0x0000000100000000)
  region size 1024K, 28 young (28672K), 2 survivors (2048K)
 Metaspace       used 53949K, committed 54464K, reserved 1114112K
  class space    used 7283K, committed 7552K, reserved 1048576K
}
Event: 7.799 GC heap after
{Heap after GC invocations=25 (full 0):
 garbage-first heap   total 116736K, used 62129K [0x0000000080000000, 0x0000000100000000)
  region size 1024K, 4 young (4096K), 4 survivors (4096K)
 Metaspace       used 53949K, committed 54464K, reserved 1114112K
  class space    used 7283K, committed 7552K, reserved 1048576K
}
Event: 7.806 GC heap before
{Heap before GC invocations=25 (full 0):
 garbage-first heap   total 116736K, used 63153K [0x0000000080000000, 0x0000000100000000)
  region size 1024K, 5 young (5120K), 4 survivors (4096K)
 Metaspace       used 53958K, committed 54464K, reserved 1114112K
  class space    used 7284K, committed 7552K, reserved 1048576K
}
Event: 7.810 GC heap after
{Heap after GC invocations=26 (full 0):
 garbage-first heap   total 116736K, used 62469K [0x0000000080000000, 0x0000000100000000)
  region size 1024K, 1 young (1024K), 1 survivors (1024K)
 Metaspace       used 53958K, committed 54464K, reserved 1114112K
  class space    used 7284K, committed 7552K, reserved 1048576K
}
Event: 7.942 GC heap before
{Heap before GC invocations=26 (full 0):
 garbage-first heap   total 116736K, used 88069K [0x0000000080000000, 0x0000000100000000)
  region size 1024K, 26 young (26624K), 1 survivors (1024K)
 Metaspace       used 54037K, committed 54528K, reserved 1114112K
  class space    used 7292K, committed 7552K, reserved 1048576K
}

